<?xml version="1.0" encoding="UTF-8"?>
<!-- Generated by org.testng.reporters.JUnitXMLReporter -->
<testsuite ignored="0" hostname="DESKTOP-PGOH6VN" failures="0" tests="4" name="Test" time="240.341" errors="0" timestamp="2022-04-03T13:06:37 IST">
  <testcase classname="Academy.ValidateTitle" name="basePageNavigation" time="0.417"/>
  <testcase classname="Academy.HomePage" name="basePageNavigation" time="37.132"/>
  <testcase classname="Academy.HomePage" name="basePageNavigation" time="69.48"/>
  <testcase classname="Academy.ValidateNavigation" name="basePageNavigation" time="0.934"/>
</testsuite> <!-- Test -->
