<?xml version="1.0" encoding="UTF-8"?>
<testng-results ignored="0" total="4" passed="3" failed="1" skipped="0">
  <reporter-output>
  </reporter-output>
  <suite started-at="2022-04-09T22:47:41 IST" name="Suite" finished-at="2022-04-09T22:50:31 IST" duration-ms="169868">
    <groups>
    </groups>
    <test started-at="2022-04-09T22:47:41 IST" name="Validating Title " finished-at="2022-04-09T22:48:36 IST" duration-ms="55115">
      <class name="Academy.ValidateTitle">
        <test-method is-config="true" signature="tearup()[pri:0, instance:Academy.ValidateTitle@60d84f61]" started-at="2022-04-09T22:47:41 IST" name="tearup" finished-at="2022-04-09T22:48:34 IST" duration-ms="52919" status="PASS">
          <reporter-output>
          </reporter-output>
        </test-method> <!-- tearup -->
        <test-method signature="basePagetitle()[pri:0, instance:Academy.ValidateTitle@60d84f61]" started-at="2022-04-09T22:48:34 IST" name="basePagetitle" finished-at="2022-04-09T22:48:35 IST" duration-ms="959" status="PASS">
          <reporter-output>
          </reporter-output>
        </test-method> <!-- basePagetitle -->
        <test-method is-config="true" signature="teardown()[pri:0, instance:Academy.ValidateTitle@60d84f61]" started-at="2022-04-09T22:48:36 IST" name="teardown" finished-at="2022-04-09T22:48:36 IST" duration-ms="278" status="PASS">
          <reporter-output>
          </reporter-output>
        </test-method> <!-- teardown -->
      </class> <!-- Academy.ValidateTitle -->
    </test> <!-- Validating Title  -->
    <test started-at="2022-04-09T22:48:36 IST" name="HomePage" finished-at="2022-04-09T22:49:45 IST" duration-ms="68778">
      <class name="Academy.HomePage">
        <test-method is-config="true" signature="tearup()[pri:0, instance:Academy.HomePage@7577b641]" started-at="2022-04-09T22:48:36 IST" name="tearup" finished-at="2022-04-09T22:48:39 IST" duration-ms="3578" status="PASS">
          <reporter-output>
          </reporter-output>
        </test-method> <!-- tearup -->
        <test-method signature="basePageNavigation(java.lang.String,java.lang.String,java.lang.String)[pri:0, instance:Academy.HomePage@7577b641]" started-at="2022-04-09T22:48:39 IST" name="basePageNavigation" data-provider="getdata" finished-at="2022-04-09T22:49:21 IST" duration-ms="41817" status="FAIL">
          <params>
            <param index="0">
              <value>
                <![CDATA[norestrictionuser.com]]>
              </value>
            </param>
            <param index="1">
              <value>
                <![CDATA[12345]]>
              </value>
            </param>
            <param index="2">
              <value>
                <![CDATA[No Restrict user]]>
              </value>
            </param>
          </params>
          <exception class="org.openqa.selenium.ElementClickInterceptedException">
            <message>
              <![CDATA[element click intercepted: Element <a href="https://rahulshettyacademy.com/sign_in/">...</a> is not clickable at point (758, 16). Other element would receive the click: <div class="listbuilder-popup-content">...</div>
  (Session info: headless chrome=100.0.4896.75)
Build info: version: '4.1.3', revision: '7b1ebf28ef'
System info: host: 'DESKTOP-PGOH6VN', ip: '192.168.69.233', os.name: 'Windows 10', os.arch: 'amd64', os.version: '10.0', java.version: '11.0.13'
Driver info: org.openqa.selenium.chrome.ChromeDriver
Command: [f64be91a189138f41e723a36ab865dc5, clickElement {id=1da6b233-f296-4577-8564-f7efe3dd3f18}]
Capabilities {acceptInsecureCerts: false, browserName: chrome, browserVersion: 100.0.4896.75, chrome: {chromedriverVersion: 100.0.4896.60 (6a5d10861ce8..., userDataDir: C:\Users\MANOHA~1\AppData\L...}, goog:chromeOptions: {debuggerAddress: localhost:51746}, javascriptEnabled: true, networkConnectionEnabled: false, pageLoadStrategy: normal, platform: WINDOWS, platformName: WINDOWS, proxy: Proxy(), se:cdp: ws://localhost:51746/devtoo..., se:cdpVersion: 100.0.4896.75, setWindowRect: true, strictFileInteractability: false, timeouts: {implicit: 0, pageLoad: 300000, script: 30000}, unhandledPromptBehavior: dismiss and notify, webauthn:extension:credBlob: true, webauthn:extension:largeBlob: true, webauthn:virtualAuthenticators: true}
Element: [[ChromeDriver: chrome on WINDOWS (f64be91a189138f41e723a36ab865dc5)] -> xpath: //a[contains(@href,'sign_in')]]
Session ID: f64be91a189138f41e723a36ab865dc5]]>
            </message>
            <full-stacktrace>
              <![CDATA[org.openqa.selenium.ElementClickInterceptedException: element click intercepted: Element <a href="https://rahulshettyacademy.com/sign_in/">...</a> is not clickable at point (758, 16). Other element would receive the click: <div class="listbuilder-popup-content">...</div>
  (Session info: headless chrome=100.0.4896.75)
Build info: version: '4.1.3', revision: '7b1ebf28ef'
System info: host: 'DESKTOP-PGOH6VN', ip: '192.168.69.233', os.name: 'Windows 10', os.arch: 'amd64', os.version: '10.0', java.version: '11.0.13'
Driver info: org.openqa.selenium.chrome.ChromeDriver
Command: [f64be91a189138f41e723a36ab865dc5, clickElement {id=1da6b233-f296-4577-8564-f7efe3dd3f18}]
Capabilities {acceptInsecureCerts: false, browserName: chrome, browserVersion: 100.0.4896.75, chrome: {chromedriverVersion: 100.0.4896.60 (6a5d10861ce8..., userDataDir: C:\Users\MANOHA~1\AppData\L...}, goog:chromeOptions: {debuggerAddress: localhost:51746}, javascriptEnabled: true, networkConnectionEnabled: false, pageLoadStrategy: normal, platform: WINDOWS, platformName: WINDOWS, proxy: Proxy(), se:cdp: ws://localhost:51746/devtoo..., se:cdpVersion: 100.0.4896.75, setWindowRect: true, strictFileInteractability: false, timeouts: {implicit: 0, pageLoad: 300000, script: 30000}, unhandledPromptBehavior: dismiss and notify, webauthn:extension:credBlob: true, webauthn:extension:largeBlob: true, webauthn:virtualAuthenticators: true}
Element: [[ChromeDriver: chrome on WINDOWS (f64be91a189138f41e723a36ab865dc5)] -> xpath: //a[contains(@href,'sign_in')]]
Session ID: f64be91a189138f41e723a36ab865dc5
at java.base/jdk.internal.reflect.NativeConstructorAccessorImpl.newInstance0(Native Method)
at java.base/jdk.internal.reflect.NativeConstructorAccessorImpl.newInstance(NativeConstructorAccessorImpl.java:62)
at java.base/jdk.internal.reflect.DelegatingConstructorAccessorImpl.newInstance(DelegatingConstructorAccessorImpl.java:45)
at java.base/java.lang.reflect.Constructor.newInstance(Constructor.java:490)
at org.openqa.selenium.remote.codec.w3c.W3CHttpResponseCodec.createException(W3CHttpResponseCodec.java:200)
at org.openqa.selenium.remote.codec.w3c.W3CHttpResponseCodec.decode(W3CHttpResponseCodec.java:133)
at org.openqa.selenium.remote.codec.w3c.W3CHttpResponseCodec.decode(W3CHttpResponseCodec.java:53)
at org.openqa.selenium.remote.HttpCommandExecutor.execute(HttpCommandExecutor.java:184)
at org.openqa.selenium.remote.service.DriverCommandExecutor.invokeExecute(DriverCommandExecutor.java:167)
at org.openqa.selenium.remote.service.DriverCommandExecutor.execute(DriverCommandExecutor.java:142)
at org.openqa.selenium.remote.RemoteWebDriver.execute(RemoteWebDriver.java:567)
at org.openqa.selenium.remote.RemoteWebElement.execute(RemoteWebElement.java:251)
at org.openqa.selenium.remote.RemoteWebElement.click(RemoteWebElement.java:77)
at pageObject.LandingPage.getLogin(LandingPage.java:25)
at Academy.HomePage.basePageNavigation(HomePage.java:34)
at java.base/jdk.internal.reflect.NativeMethodAccessorImpl.invoke0(Native Method)
at java.base/jdk.internal.reflect.NativeMethodAccessorImpl.invoke(NativeMethodAccessorImpl.java:62)
at java.base/jdk.internal.reflect.DelegatingMethodAccessorImpl.invoke(DelegatingMethodAccessorImpl.java:43)
at java.base/java.lang.reflect.Method.invoke(Method.java:566)
at org.testng.internal.invokers.MethodInvocationHelper.invokeMethod(MethodInvocationHelper.java:135)
at org.testng.internal.invokers.TestInvoker.invokeMethod(TestInvoker.java:673)
at org.testng.internal.invokers.TestInvoker.invokeTestMethod(TestInvoker.java:220)
at org.testng.internal.invokers.MethodRunner.runInSequence(MethodRunner.java:50)
at org.testng.internal.invokers.TestInvoker$MethodInvocationAgent.invoke(TestInvoker.java:945)
at org.testng.internal.invokers.TestInvoker.invokeTestMethods(TestInvoker.java:193)
at org.testng.internal.invokers.TestMethodWorker.invokeTestMethods(TestMethodWorker.java:146)
at org.testng.internal.invokers.TestMethodWorker.run(TestMethodWorker.java:128)
at java.base/java.util.ArrayList.forEach(ArrayList.java:1541)
at org.testng.TestRunner.privateRun(TestRunner.java:808)
at org.testng.TestRunner.run(TestRunner.java:603)
at org.testng.SuiteRunner.runTest(SuiteRunner.java:429)
at org.testng.SuiteRunner.runSequentially(SuiteRunner.java:423)
at org.testng.SuiteRunner.privateRun(SuiteRunner.java:383)
at org.testng.SuiteRunner.run(SuiteRunner.java:326)
at org.testng.SuiteRunnerWorker.runSuite(SuiteRunnerWorker.java:52)
at org.testng.SuiteRunnerWorker.run(SuiteRunnerWorker.java:95)
at org.testng.TestNG.runSuitesSequentially(TestNG.java:1249)
at org.testng.TestNG.runSuitesLocally(TestNG.java:1169)
at org.testng.TestNG.runSuites(TestNG.java:1092)
at org.testng.TestNG.run(TestNG.java:1060)
at org.apache.maven.surefire.testng.TestNGExecutor.run(TestNGExecutor.java:284)
at org.apache.maven.surefire.testng.TestNGXmlTestSuite.execute(TestNGXmlTestSuite.java:75)
at org.apache.maven.surefire.testng.TestNGProvider.invoke(TestNGProvider.java:119)
at org.apache.maven.surefire.booter.ForkedBooter.runSuitesInProcess(ForkedBooter.java:428)
at org.apache.maven.surefire.booter.ForkedBooter.execute(ForkedBooter.java:162)
at org.apache.maven.surefire.booter.ForkedBooter.run(ForkedBooter.java:562)
at org.apache.maven.surefire.booter.ForkedBooter.main(ForkedBooter.java:548)
]]>
            </full-stacktrace>
          </exception> <!-- org.openqa.selenium.ElementClickInterceptedException -->
          <reporter-output>
          </reporter-output>
        </test-method> <!-- basePageNavigation -->
        <test-method signature="basePageNavigation(java.lang.String,java.lang.String,java.lang.String)[pri:0, instance:Academy.HomePage@7577b641]" started-at="2022-04-09T22:49:22 IST" name="basePageNavigation" data-provider="getdata" finished-at="2022-04-09T22:49:44 IST" duration-ms="22590" status="PASS">
          <params>
            <param index="0">
              <value>
                <![CDATA[restrictionuser.com]]>
              </value>
            </param>
            <param index="1">
              <value>
                <![CDATA[1234]]>
              </value>
            </param>
            <param index="2">
              <value>
                <![CDATA[Restriction user]]>
              </value>
            </param>
          </params>
          <reporter-output>
          </reporter-output>
        </test-method> <!-- basePageNavigation -->
        <test-method is-config="true" signature="teardown()[pri:0, instance:Academy.HomePage@7577b641]" started-at="2022-04-09T22:49:45 IST" name="teardown" finished-at="2022-04-09T22:49:45 IST" duration-ms="113" status="PASS">
          <reporter-output>
          </reporter-output>
        </test-method> <!-- teardown -->
      </class> <!-- Academy.HomePage -->
    </test> <!-- HomePage -->
    <test started-at="2022-04-09T22:49:45 IST" name="Validate Navigation Bar" finished-at="2022-04-09T22:50:31 IST" duration-ms="45899">
      <class name="Academy.ValidateNavigation">
        <test-method is-config="true" signature="tearup()[pri:0, instance:Academy.ValidateNavigation@3f2049b6]" started-at="2022-04-09T22:49:45 IST" name="tearup" finished-at="2022-04-09T22:50:22 IST" duration-ms="37726" status="PASS">
          <reporter-output>
          </reporter-output>
        </test-method> <!-- tearup -->
        <test-method signature="basePageNavigation()[pri:0, instance:Academy.ValidateNavigation@3f2049b6]" started-at="2022-04-09T22:50:22 IST" name="basePageNavigation" finished-at="2022-04-09T22:50:29 IST" duration-ms="6335" status="PASS">
          <reporter-output>
          </reporter-output>
        </test-method> <!-- basePageNavigation -->
        <test-method is-config="true" signature="teardown()[pri:0, instance:Academy.ValidateNavigation@3f2049b6]" started-at="2022-04-09T22:50:30 IST" name="teardown" finished-at="2022-04-09T22:50:31 IST" duration-ms="858" status="PASS">
          <reporter-output>
          </reporter-output>
        </test-method> <!-- teardown -->
      </class> <!-- Academy.ValidateNavigation -->
    </test> <!-- Validate Navigation Bar -->
  </suite> <!-- Suite -->
</testng-results>
